<?xml version="1.0" encoding="UTF-8"?>
<testng-results skipped="0" failed="0" ignored="0" total="1" passed="1">
  <reporter-output>
  </reporter-output>
  <suite name="Default suite" duration-ms="56000" started-at="2020-10-13T16:09:31 IST" finished-at="2020-10-13T16:10:27 IST">
    <groups>
    </groups>
    <test name="Default test" duration-ms="56000" started-at="2020-10-13T16:09:31 IST" finished-at="2020-10-13T16:10:27 IST">
      <class name="com.TestCase.SavaariTest">
        <test-method status="PASS" signature="f()[pri:0, instance:com.TestCase.SavaariTest@35d176f7]" name="f" duration-ms="55942" started-at="2020-10-13T16:09:32 IST" finished-at="2020-10-13T16:10:27 IST">
          <reporter-output>
          </reporter-output>
        </test-method> <!-- f -->
      </class> <!-- com.TestCase.SavaariTest -->
    </test> <!-- Default test -->
  </suite> <!-- Default suite -->
</testng-results>
